<?xml version="1.0" encoding="UTF-8"?>
<!-- Generated by org.testng.reporters.JUnitReportReporter -->
<testsuite hostname="DESKTOP-F62SS25" failures="0" tests="1" name="com.arkieva.testscript.CreateCustomer" time="35.020" errors="0" timestamp="2023-09-12T10:39:44 IST" skipped="0">
  <testcase classname="com.arkieva.testscript.CreateCustomer" name="testCreateCustomer" time="35.020"/>
</testsuite> <!-- com.arkieva.testscript.CreateCustomer -->
